This file contains any messages produced by compilers while
running configure, to aid debugging if configure makes a mistake.

It was created by readline configure 4.3, which was
generated by GNU Autoconf 2.59.  Invocation command line was

  $ ./configure --disable-shared

## --------- ##
## Platform. ##
## --------- ##

hostname = stravinsky.tim.linglan.net
uname -m = x86_64
uname -r = 3.3.4-3.fc16.x86_64
uname -s = Linux
uname -v = #1 SMP Thu May 3 14:46:44 UTC 2012

/usr/bin/uname -p = unknown
/bin/uname -X     = unknown

/bin/arch              = x86_64
/usr/bin/arch -k       = unknown
/usr/convex/getsysinfo = unknown
hostinfo               = unknown
/bin/machine           = unknown
/usr/bin/oslevel       = unknown
/bin/universe          = unknown

PATH: .
PATH: /bin
PATH: /sbin
PATH: /usr/bin
PATH: /usr/sbin
PATH: /usr/local/bin


## ----------- ##
## Core tests. ##
## ----------- ##

configure:1359: checking build system type
configure:1377: result: x86_64-unknown-linux-gnu
configure:1385: checking host system type
configure:1399: result: x86_64-unknown-linux-gnu
configure:1442: checking whether make sets $(MAKE)
configure:1462: result: yes
configure:1517: checking for gcc
configure:1543: result: gcc
configure:1787: checking for C compiler version
configure:1790: gcc --version </dev/null >&5
gcc (GCC) 4.6.3 20120306 (Red Hat 4.6.3-2)
Copyright (C) 2011 Free Software Foundation, Inc.
This is free software; see the source for copying conditions.  There is NO
warranty; not even for MERCHANTABILITY or FITNESS FOR A PARTICULAR PURPOSE.

configure:1793: $? = 0
configure:1795: gcc -v </dev/null >&5
Using built-in specs.
COLLECT_GCC=gcc
COLLECT_LTO_WRAPPER=/usr/libexec/gcc/x86_64-redhat-linux/4.6.3/lto-wrapper
Target: x86_64-redhat-linux
Configured with: ../configure --prefix=/usr --mandir=/usr/share/man --infodir=/usr/share/info --with-bugurl=http://bugzilla.redhat.com/bugzilla --enable-bootstrap --enable-shared --enable-threads=posix --enable-checking=release --with-system-zlib --enable-__cxa_atexit --disable-libunwind-exceptions --enable-gnu-unique-object --enable-linker-build-id --enable-languages=c,c++,objc,obj-c++,java,fortran,ada,go,lto --enable-plugin --enable-java-awt=gtk --disable-dssi --with-java-home=/usr/lib/jvm/java-1.5.0-gcj-1.5.0.0/jre --enable-libgcj-multifile --enable-java-maintainer-mode --with-ecj-jar=/usr/share/java/eclipse-ecj.jar --disable-libjava-multilib --with-ppl --with-cloog --with-tune=generic --with-arch_32=i686 --build=x86_64-redhat-linux
Thread model: posix
gcc version 4.6.3 20120306 (Red Hat 4.6.3-2) (GCC) 
configure:1798: $? = 0
configure:1800: gcc -V </dev/null >&5
gcc: error: unrecognized option '-V'
gcc: fatal error: no input files
compilation terminated.
configure:1803: $? = 4
configure:1826: checking for C compiler default output file name
configure:1829: gcc -g -m64 -fPIC     conftest.c  >&5
configure:1832: $? = 0
configure:1878: result: a.out
configure:1883: checking whether the C compiler works
configure:1889: ./a.out
configure:1892: $? = 0
configure:1909: result: yes
configure:1916: checking whether we are cross compiling
configure:1918: result: no
configure:1921: checking for suffix of executables
configure:1923: gcc -o conftest -g -m64 -fPIC     conftest.c  >&5
configure:1926: $? = 0
configure:1951: result: 
configure:1957: checking for suffix of object files
configure:1978: gcc -c -g -m64 -fPIC    conftest.c >&5
configure:1981: $? = 0
configure:2003: result: o
configure:2007: checking whether we are using the GNU C compiler
configure:2031: gcc -c -g -m64 -fPIC    conftest.c >&5
configure:2037: $? = 0
configure:2041: test -z 
			 || test ! -s conftest.err
configure:2044: $? = 0
configure:2047: test -s conftest.o
configure:2050: $? = 0
configure:2063: result: yes
configure:2069: checking whether gcc accepts -g
configure:2090: gcc -c -g  conftest.c >&5
configure:2096: $? = 0
configure:2100: test -z 
			 || test ! -s conftest.err
configure:2103: $? = 0
configure:2106: test -s conftest.o
configure:2109: $? = 0
configure:2120: result: yes
configure:2137: checking for gcc option to accept ANSI C
configure:2207: gcc  -c -g -m64 -fPIC    conftest.c >&5
configure:2213: $? = 0
configure:2217: test -z 
			 || test ! -s conftest.err
configure:2220: $? = 0
configure:2223: test -s conftest.o
configure:2226: $? = 0
configure:2244: result: none needed
configure:2262: gcc -c -g -m64 -fPIC    conftest.c >&5
conftest.c:2:3: error: unknown type name 'choke'
conftest.c:2:3: error: expected '=', ',', ';', 'asm' or '__attribute__' at end of input
configure:2268: $? = 1
configure: failed program was:
| #ifndef __cplusplus
|   choke me
| #endif
configure:2407: checking how to run the C preprocessor
configure:2442: gcc -E  conftest.c
configure:2448: $? = 0
configure:2480: gcc -E  conftest.c
conftest.c:9:28: fatal error: ac_nonexistent.h: No such file or directory
compilation terminated.
configure:2486: $? = 1
configure: failed program was:
| /* confdefs.h.  */
| 
| #define PACKAGE_NAME "readline"
| #define PACKAGE_TARNAME "readline"
| #define PACKAGE_VERSION "4.3"
| #define PACKAGE_STRING "readline 4.3"
| #define PACKAGE_BUGREPORT "bug-readline@gnu.org"
| /* end confdefs.h.  */
| #include <ac_nonexistent.h>
configure:2525: result: gcc -E
configure:2549: gcc -E  conftest.c
configure:2555: $? = 0
configure:2587: gcc -E  conftest.c
conftest.c:9:28: fatal error: ac_nonexistent.h: No such file or directory
compilation terminated.
configure:2593: $? = 1
configure: failed program was:
| /* confdefs.h.  */
| 
| #define PACKAGE_NAME "readline"
| #define PACKAGE_TARNAME "readline"
| #define PACKAGE_VERSION "4.3"
| #define PACKAGE_STRING "readline 4.3"
| #define PACKAGE_BUGREPORT "bug-readline@gnu.org"
| /* end confdefs.h.  */
| #include <ac_nonexistent.h>
configure:2637: checking for egrep
configure:2647: result: grep -E
configure:2652: checking for ANSI C header files
configure:2677: gcc -c -g -m64 -fPIC    conftest.c >&5
configure:2683: $? = 0
configure:2687: test -z 
			 || test ! -s conftest.err
configure:2690: $? = 0
configure:2693: test -s conftest.o
configure:2696: $? = 0
configure:2785: gcc -o conftest -g -m64 -fPIC     conftest.c  >&5
conftest.c: In function 'main':
conftest.c:26:7: warning: incompatible implicit declaration of built-in function 'exit' [enabled by default]
configure:2788: $? = 0
configure:2790: ./conftest
configure:2793: $? = 0
configure:2808: result: yes
configure:2832: checking for sys/types.h
configure:2848: gcc -c -g -m64 -fPIC    conftest.c >&5
configure:2854: $? = 0
configure:2858: test -z 
			 || test ! -s conftest.err
configure:2861: $? = 0
configure:2864: test -s conftest.o
configure:2867: $? = 0
configure:2878: result: yes
configure:2832: checking for sys/stat.h
configure:2848: gcc -c -g -m64 -fPIC    conftest.c >&5
configure:2854: $? = 0
configure:2858: test -z 
			 || test ! -s conftest.err
configure:2861: $? = 0
configure:2864: test -s conftest.o
configure:2867: $? = 0
configure:2878: result: yes
configure:2832: checking for stdlib.h
configure:2848: gcc -c -g -m64 -fPIC    conftest.c >&5
configure:2854: $? = 0
configure:2858: test -z 
			 || test ! -s conftest.err
configure:2861: $? = 0
configure:2864: test -s conftest.o
configure:2867: $? = 0
configure:2878: result: yes
configure:2832: checking for string.h
configure:2848: gcc -c -g -m64 -fPIC    conftest.c >&5
configure:2854: $? = 0
configure:2858: test -z 
			 || test ! -s conftest.err
configure:2861: $? = 0
configure:2864: test -s conftest.o
configure:2867: $? = 0
configure:2878: result: yes
configure:2832: checking for memory.h
configure:2848: gcc -c -g -m64 -fPIC    conftest.c >&5
configure:2854: $? = 0
configure:2858: test -z 
			 || test ! -s conftest.err
configure:2861: $? = 0
configure:2864: test -s conftest.o
configure:2867: $? = 0
configure:2878: result: yes
configure:2832: checking for strings.h
configure:2848: gcc -c -g -m64 -fPIC    conftest.c >&5
configure:2854: $? = 0
configure:2858: test -z 
			 || test ! -s conftest.err
configure:2861: $? = 0
configure:2864: test -s conftest.o
configure:2867: $? = 0
configure:2878: result: yes
configure:2832: checking for inttypes.h
configure:2848: gcc -c -g -m64 -fPIC    conftest.c >&5
configure:2854: $? = 0
configure:2858: test -z 
			 || test ! -s conftest.err
configure:2861: $? = 0
configure:2864: test -s conftest.o
configure:2867: $? = 0
configure:2878: result: yes
configure:2832: checking for stdint.h
configure:2848: gcc -c -g -m64 -fPIC    conftest.c >&5
configure:2854: $? = 0
configure:2858: test -z 
			 || test ! -s conftest.err
configure:2861: $? = 0
configure:2864: test -s conftest.o
configure:2867: $? = 0
configure:2878: result: yes
configure:2832: checking for unistd.h
configure:2848: gcc -c -g -m64 -fPIC    conftest.c >&5
configure:2854: $? = 0
configure:2858: test -z 
			 || test ! -s conftest.err
configure:2861: $? = 0
configure:2864: test -s conftest.o
configure:2867: $? = 0
configure:2878: result: yes
configure:2900: checking minix/config.h usability
configure:2912: gcc -c -g -m64 -fPIC    conftest.c >&5
conftest.c:53:26: fatal error: minix/config.h: No such file or directory
compilation terminated.
configure:2918: $? = 1
configure: failed program was:
| /* confdefs.h.  */
| 
| #define PACKAGE_NAME "readline"
| #define PACKAGE_TARNAME "readline"
| #define PACKAGE_VERSION "4.3"
| #define PACKAGE_STRING "readline 4.3"
| #define PACKAGE_BUGREPORT "bug-readline@gnu.org"
| #define STDC_HEADERS 1
| #define HAVE_SYS_TYPES_H 1
| #define HAVE_SYS_STAT_H 1
| #define HAVE_STDLIB_H 1
| #define HAVE_STRING_H 1
| #define HAVE_MEMORY_H 1
| #define HAVE_STRINGS_H 1
| #define HAVE_INTTYPES_H 1
| #define HAVE_STDINT_H 1
| #define HAVE_UNISTD_H 1
| /* end confdefs.h.  */
| #include <stdio.h>
| #if HAVE_SYS_TYPES_H
| # include <sys/types.h>
| #endif
| #if HAVE_SYS_STAT_H
| # include <sys/stat.h>
| #endif
| #if STDC_HEADERS
| # include <stdlib.h>
| # include <stddef.h>
| #else
| # if HAVE_STDLIB_H
| #  include <stdlib.h>
| # endif
| #endif
| #if HAVE_STRING_H
| # if !STDC_HEADERS && HAVE_MEMORY_H
| #  include <memory.h>
| # endif
| # include <string.h>
| #endif
| #if HAVE_STRINGS_H
| # include <strings.h>
| #endif
| #if HAVE_INTTYPES_H
| # include <inttypes.h>
| #else
| # if HAVE_STDINT_H
| #  include <stdint.h>
| # endif
| #endif
| #if HAVE_UNISTD_H
| # include <unistd.h>
| #endif
| #include <minix/config.h>
configure:2941: result: no
configure:2945: checking minix/config.h presence
configure:2955: gcc -E  conftest.c
conftest.c:19:26: fatal error: minix/config.h: No such file or directory
compilation terminated.
configure:2961: $? = 1
configure: failed program was:
| /* confdefs.h.  */
| 
| #define PACKAGE_NAME "readline"
| #define PACKAGE_TARNAME "readline"
| #define PACKAGE_VERSION "4.3"
| #define PACKAGE_STRING "readline 4.3"
| #define PACKAGE_BUGREPORT "bug-readline@gnu.org"
| #define STDC_HEADERS 1
| #define HAVE_SYS_TYPES_H 1
| #define HAVE_SYS_STAT_H 1
| #define HAVE_STDLIB_H 1
| #define HAVE_STRING_H 1
| #define HAVE_MEMORY_H 1
| #define HAVE_STRINGS_H 1
| #define HAVE_INTTYPES_H 1
| #define HAVE_STDINT_H 1
| #define HAVE_UNISTD_H 1
| /* end confdefs.h.  */
| #include <minix/config.h>
configure:2981: result: no
configure:3016: checking for minix/config.h
configure:3023: result: no
configure:3057: checking whether gcc needs -traditional
configure:3099: result: no
configure:3119: checking for a BSD-compatible install
configure:3174: result: /usr/bin/install -c
configure:3187: checking for ar
configure:3203: found /usr/bin/ar
configure:3214: result: ar
configure:3263: checking for ranlib
configure:3279: found /usr/bin/ranlib
configure:3290: result: ranlib
configure:3306: checking for an ANSI C-conforming const
configure:3373: gcc -c -g -m64 -fPIC    conftest.c >&5
configure:3379: $? = 0
configure:3383: test -z 
			 || test ! -s conftest.err
configure:3386: $? = 0
configure:3389: test -s conftest.o
configure:3392: $? = 0
configure:3403: result: yes
configure:3413: checking for function prototypes
configure:3416: result: yes
configure:3434: checking whether char is unsigned
configure:3457: gcc -c -g -m64 -fPIC    conftest.c >&5
configure:3463: $? = 0
configure:3467: test -z 
			 || test ! -s conftest.err
configure:3470: $? = 0
configure:3473: test -s conftest.o
configure:3476: $? = 0
configure:3487: result: no
configure:3497: checking return type of signal handlers
configure:3528: gcc -c -g -m64 -fPIC    conftest.c >&5
configure:3534: $? = 0
configure:3538: test -z 
			 || test ! -s conftest.err
configure:3541: $? = 0
configure:3544: test -s conftest.o
configure:3547: $? = 0
configure:3558: result: void
configure:3567: checking for size_t
configure:3591: gcc -c -g -m64 -fPIC    conftest.c >&5
configure:3597: $? = 0
configure:3601: test -z 
			 || test ! -s conftest.err
configure:3604: $? = 0
configure:3607: test -s conftest.o
configure:3610: $? = 0
configure:3621: result: yes
configure:3633: checking for ssize_t
configure:3657: gcc -c -g -m64 -fPIC    conftest.c >&5
configure:3663: $? = 0
configure:3667: test -z 
			 || test ! -s conftest.err
configure:3670: $? = 0
configure:3673: test -s conftest.o
configure:3676: $? = 0
configure:3687: result: yes
configure:3700: checking whether stat file-mode macros are broken
configure:3748: result: no
configure:3766: checking for dirent.h that defines DIR
configure:3790: gcc -c -g -m64 -fPIC    conftest.c >&5
configure:3796: $? = 0
configure:3800: test -z 
			 || test ! -s conftest.err
configure:3803: $? = 0
configure:3806: test -s conftest.o
configure:3809: $? = 0
configure:3820: result: yes
configure:3833: checking for library containing opendir
configure:3863: gcc -o conftest -g -m64 -fPIC     conftest.c  >&5
configure:3869: $? = 0
configure:3873: test -z 
			 || test ! -s conftest.err
configure:3876: $? = 0
configure:3879: test -s conftest
configure:3882: $? = 0
configure:3952: result: none required
configure:4105: checking for lstat
configure:4162: gcc -o conftest -g -m64 -fPIC     conftest.c  >&5
configure:4168: $? = 0
configure:4172: test -z 
			 || test ! -s conftest.err
configure:4175: $? = 0
configure:4178: test -s conftest
configure:4181: $? = 0
configure:4193: result: yes
configure:4105: checking for memmove
configure:4162: gcc -o conftest -g -m64 -fPIC     conftest.c  >&5
conftest.c:48:6: warning: conflicting types for built-in function 'memmove' [enabled by default]
configure:4168: $? = 0
configure:4172: test -z 
			 || test ! -s conftest.err
configure:4175: $? = 0
configure:4178: test -s conftest
configure:4181: $? = 0
configure:4193: result: yes
configure:4105: checking for putenv
configure:4162: gcc -o conftest -g -m64 -fPIC     conftest.c  >&5
configure:4168: $? = 0
configure:4172: test -z 
			 || test ! -s conftest.err
configure:4175: $? = 0
configure:4178: test -s conftest
configure:4181: $? = 0
configure:4193: result: yes
configure:4105: checking for select
configure:4162: gcc -o conftest -g -m64 -fPIC     conftest.c  >&5
configure:4168: $? = 0
configure:4172: test -z 
			 || test ! -s conftest.err
configure:4175: $? = 0
configure:4178: test -s conftest
configure:4181: $? = 0
configure:4193: result: yes
configure:4105: checking for setenv
configure:4162: gcc -o conftest -g -m64 -fPIC     conftest.c  >&5
configure:4168: $? = 0
configure:4172: test -z 
			 || test ! -s conftest.err
configure:4175: $? = 0
configure:4178: test -s conftest
configure:4181: $? = 0
configure:4193: result: yes
configure:4105: checking for setlocale
configure:4162: gcc -o conftest -g -m64 -fPIC     conftest.c  >&5
configure:4168: $? = 0
configure:4172: test -z 
			 || test ! -s conftest.err
configure:4175: $? = 0
configure:4178: test -s conftest
configure:4181: $? = 0
configure:4193: result: yes
configure:4105: checking for strcasecmp
configure:4162: gcc -o conftest -g -m64 -fPIC     conftest.c  >&5
conftest.c:53:6: warning: conflicting types for built-in function 'strcasecmp' [enabled by default]
configure:4168: $? = 0
configure:4172: test -z 
			 || test ! -s conftest.err
configure:4175: $? = 0
configure:4178: test -s conftest
configure:4181: $? = 0
configure:4193: result: yes
configure:4105: checking for strpbrk
configure:4162: gcc -o conftest -g -m64 -fPIC     conftest.c  >&5
conftest.c:54:6: warning: conflicting types for built-in function 'strpbrk' [enabled by default]
configure:4168: $? = 0
configure:4172: test -z 
			 || test ! -s conftest.err
configure:4175: $? = 0
configure:4178: test -s conftest
configure:4181: $? = 0
configure:4193: result: yes
configure:4105: checking for tcgetattr
configure:4162: gcc -o conftest -g -m64 -fPIC     conftest.c  >&5
configure:4168: $? = 0
configure:4172: test -z 
			 || test ! -s conftest.err
configure:4175: $? = 0
configure:4178: test -s conftest
configure:4181: $? = 0
configure:4193: result: yes
configure:4105: checking for vsnprintf
configure:4162: gcc -o conftest -g -m64 -fPIC     conftest.c  >&5
conftest.c:56:6: warning: conflicting types for built-in function 'vsnprintf' [enabled by default]
configure:4168: $? = 0
configure:4172: test -z 
			 || test ! -s conftest.err
configure:4175: $? = 0
configure:4178: test -s conftest
configure:4181: $? = 0
configure:4193: result: yes
configure:4105: checking for isascii
configure:4162: gcc -o conftest -g -m64 -fPIC     conftest.c  >&5
conftest.c:57:6: warning: conflicting types for built-in function 'isascii' [enabled by default]
configure:4168: $? = 0
configure:4172: test -z 
			 || test ! -s conftest.err
configure:4175: $? = 0
configure:4178: test -s conftest
configure:4181: $? = 0
configure:4193: result: yes
configure:4105: checking for isxdigit
configure:4162: gcc -o conftest -g -m64 -fPIC     conftest.c  >&5
conftest.c:58:6: warning: conflicting types for built-in function 'isxdigit' [enabled by default]
configure:4168: $? = 0
configure:4172: test -z 
			 || test ! -s conftest.err
configure:4175: $? = 0
configure:4178: test -s conftest
configure:4181: $? = 0
configure:4193: result: yes
configure:4204: checking for working strcoll
configure:4230: gcc -o conftest -g -m64 -fPIC     conftest.c  >&5
configure:4233: $? = 0
configure:4235: ./conftest
configure:4238: $? = 0
configure:4252: result: yes
configure:4286: checking for unistd.h
configure:4291: result: yes
configure:4286: checking for stdlib.h
configure:4291: result: yes
configure:4295: checking varargs.h usability
configure:4307: gcc -c -g -m64 -fPIC    conftest.c >&5
In file included from conftest.c:72:0:
/usr/lib/gcc/x86_64-redhat-linux/4.6.3/include/varargs.h:4:2: error: #error "GCC no longer implements <varargs.h>."
/usr/lib/gcc/x86_64-redhat-linux/4.6.3/include/varargs.h:5:2: error: #error "Revise your code to use <stdarg.h>."
configure:4313: $? = 1
configure: failed program was:
| /* confdefs.h.  */
| 
| #define PACKAGE_NAME "readline"
| #define PACKAGE_TARNAME "readline"
| #define PACKAGE_VERSION "4.3"
| #define PACKAGE_STRING "readline 4.3"
| #define PACKAGE_BUGREPORT "bug-readline@gnu.org"
| #define STDC_HEADERS 1
| #define HAVE_SYS_TYPES_H 1
| #define HAVE_SYS_STAT_H 1
| #define HAVE_STDLIB_H 1
| #define HAVE_STRING_H 1
| #define HAVE_MEMORY_H 1
| #define HAVE_STRINGS_H 1
| #define HAVE_INTTYPES_H 1
| #define HAVE_STDINT_H 1
| #define HAVE_UNISTD_H 1
| #define PROTOTYPES 1
| #define __PROTOTYPES 1
| #define RETSIGTYPE void
| #define HAVE_DIRENT_H 1
| #define HAVE_LSTAT 1
| #define HAVE_MEMMOVE 1
| #define HAVE_PUTENV 1
| #define HAVE_SELECT 1
| #define HAVE_SETENV 1
| #define HAVE_SETLOCALE 1
| #define HAVE_STRCASECMP 1
| #define HAVE_STRPBRK 1
| #define HAVE_TCGETATTR 1
| #define HAVE_VSNPRINTF 1
| #define HAVE_ISASCII 1
| #define HAVE_ISXDIGIT 1
| #define HAVE_STRCOLL 1
| #define HAVE_UNISTD_H 1
| #define HAVE_STDLIB_H 1
| /* end confdefs.h.  */
| #include <stdio.h>
| #if HAVE_SYS_TYPES_H
| # include <sys/types.h>
| #endif
| #if HAVE_SYS_STAT_H
| # include <sys/stat.h>
| #endif
| #if STDC_HEADERS
| # include <stdlib.h>
| # include <stddef.h>
| #else
| # if HAVE_STDLIB_H
| #  include <stdlib.h>
| # endif
| #endif
| #if HAVE_STRING_H
| # if !STDC_HEADERS && HAVE_MEMORY_H
| #  include <memory.h>
| # endif
| # include <string.h>
| #endif
| #if HAVE_STRINGS_H
| # include <strings.h>
| #endif
| #if HAVE_INTTYPES_H
| # include <inttypes.h>
| #else
| # if HAVE_STDINT_H
| #  include <stdint.h>
| # endif
| #endif
| #if HAVE_UNISTD_H
| # include <unistd.h>
| #endif
| #include <varargs.h>
configure:4336: result: no
configure:4340: checking varargs.h presence
configure:4350: gcc -E  conftest.c
In file included from conftest.c:38:0:
/usr/lib/gcc/x86_64-redhat-linux/4.6.3/include/varargs.h:4:2: error: #error "GCC no longer implements <varargs.h>."
/usr/lib/gcc/x86_64-redhat-linux/4.6.3/include/varargs.h:5:2: error: #error "Revise your code to use <stdarg.h>."
configure:4356: $? = 1
configure: failed program was:
| /* confdefs.h.  */
| 
| #define PACKAGE_NAME "readline"
| #define PACKAGE_TARNAME "readline"
| #define PACKAGE_VERSION "4.3"
| #define PACKAGE_STRING "readline 4.3"
| #define PACKAGE_BUGREPORT "bug-readline@gnu.org"
| #define STDC_HEADERS 1
| #define HAVE_SYS_TYPES_H 1
| #define HAVE_SYS_STAT_H 1
| #define HAVE_STDLIB_H 1
| #define HAVE_STRING_H 1
| #define HAVE_MEMORY_H 1
| #define HAVE_STRINGS_H 1
| #define HAVE_INTTYPES_H 1
| #define HAVE_STDINT_H 1
| #define HAVE_UNISTD_H 1
| #define PROTOTYPES 1
| #define __PROTOTYPES 1
| #define RETSIGTYPE void
| #define HAVE_DIRENT_H 1
| #define HAVE_LSTAT 1
| #define HAVE_MEMMOVE 1
| #define HAVE_PUTENV 1
| #define HAVE_SELECT 1
| #define HAVE_SETENV 1
| #define HAVE_SETLOCALE 1
| #define HAVE_STRCASECMP 1
| #define HAVE_STRPBRK 1
| #define HAVE_TCGETATTR 1
| #define HAVE_VSNPRINTF 1
| #define HAVE_ISASCII 1
| #define HAVE_ISXDIGIT 1
| #define HAVE_STRCOLL 1
| #define HAVE_UNISTD_H 1
| #define HAVE_STDLIB_H 1
| /* end confdefs.h.  */
| #include <varargs.h>
configure:4376: result: no
configure:4411: checking for varargs.h
configure:4418: result: no
configure:4295: checking stdarg.h usability
configure:4307: gcc -c -g -m64 -fPIC    conftest.c >&5
configure:4313: $? = 0
configure:4317: test -z 
			 || test ! -s conftest.err
configure:4320: $? = 0
configure:4323: test -s conftest.o
configure:4326: $? = 0
configure:4336: result: yes
configure:4340: checking stdarg.h presence
configure:4350: gcc -E  conftest.c
configure:4356: $? = 0
configure:4376: result: yes
configure:4411: checking for stdarg.h
configure:4418: result: yes
configure:4286: checking for string.h
configure:4291: result: yes
configure:4286: checking for strings.h
configure:4291: result: yes
configure:4295: checking limits.h usability
configure:4307: gcc -c -g -m64 -fPIC    conftest.c >&5
configure:4313: $? = 0
configure:4317: test -z 
			 || test ! -s conftest.err
configure:4320: $? = 0
configure:4323: test -s conftest.o
configure:4326: $? = 0
configure:4336: result: yes
configure:4340: checking limits.h presence
configure:4350: gcc -E  conftest.c
configure:4356: $? = 0
configure:4376: result: yes
configure:4411: checking for limits.h
configure:4418: result: yes
configure:4295: checking sys/ptem.h usability
configure:4307: gcc -c -g -m64 -fPIC    conftest.c >&5
conftest.c:76:22: fatal error: sys/ptem.h: No such file or directory
compilation terminated.
configure:4313: $? = 1
configure: failed program was:
| /* confdefs.h.  */
| 
| #define PACKAGE_NAME "readline"
| #define PACKAGE_TARNAME "readline"
| #define PACKAGE_VERSION "4.3"
| #define PACKAGE_STRING "readline 4.3"
| #define PACKAGE_BUGREPORT "bug-readline@gnu.org"
| #define STDC_HEADERS 1
| #define HAVE_SYS_TYPES_H 1
| #define HAVE_SYS_STAT_H 1
| #define HAVE_STDLIB_H 1
| #define HAVE_STRING_H 1
| #define HAVE_MEMORY_H 1
| #define HAVE_STRINGS_H 1
| #define HAVE_INTTYPES_H 1
| #define HAVE_STDINT_H 1
| #define HAVE_UNISTD_H 1
| #define PROTOTYPES 1
| #define __PROTOTYPES 1
| #define RETSIGTYPE void
| #define HAVE_DIRENT_H 1
| #define HAVE_LSTAT 1
| #define HAVE_MEMMOVE 1
| #define HAVE_PUTENV 1
| #define HAVE_SELECT 1
| #define HAVE_SETENV 1
| #define HAVE_SETLOCALE 1
| #define HAVE_STRCASECMP 1
| #define HAVE_STRPBRK 1
| #define HAVE_TCGETATTR 1
| #define HAVE_VSNPRINTF 1
| #define HAVE_ISASCII 1
| #define HAVE_ISXDIGIT 1
| #define HAVE_STRCOLL 1
| #define HAVE_UNISTD_H 1
| #define HAVE_STDLIB_H 1
| #define HAVE_STDARG_H 1
| #define HAVE_STRING_H 1
| #define HAVE_STRINGS_H 1
| #define HAVE_LIMITS_H 1
| /* end confdefs.h.  */
| #include <stdio.h>
| #if HAVE_SYS_TYPES_H
| # include <sys/types.h>
| #endif
| #if HAVE_SYS_STAT_H
| # include <sys/stat.h>
| #endif
| #if STDC_HEADERS
| # include <stdlib.h>
| # include <stddef.h>
| #else
| # if HAVE_STDLIB_H
| #  include <stdlib.h>
| # endif
| #endif
| #if HAVE_STRING_H
| # if !STDC_HEADERS && HAVE_MEMORY_H
| #  include <memory.h>
| # endif
| # include <string.h>
| #endif
| #if HAVE_STRINGS_H
| # include <strings.h>
| #endif
| #if HAVE_INTTYPES_H
| # include <inttypes.h>
| #else
| # if HAVE_STDINT_H
| #  include <stdint.h>
| # endif
| #endif
| #if HAVE_UNISTD_H
| # include <unistd.h>
| #endif
| #include <sys/ptem.h>
configure:4336: result: no
configure:4340: checking sys/ptem.h presence
configure:4350: gcc -E  conftest.c
conftest.c:42:22: fatal error: sys/ptem.h: No such file or directory
compilation terminated.
configure:4356: $? = 1
configure: failed program was:
| /* confdefs.h.  */
| 
| #define PACKAGE_NAME "readline"
| #define PACKAGE_TARNAME "readline"
| #define PACKAGE_VERSION "4.3"
| #define PACKAGE_STRING "readline 4.3"
| #define PACKAGE_BUGREPORT "bug-readline@gnu.org"
| #define STDC_HEADERS 1
| #define HAVE_SYS_TYPES_H 1
| #define HAVE_SYS_STAT_H 1
| #define HAVE_STDLIB_H 1
| #define HAVE_STRING_H 1
| #define HAVE_MEMORY_H 1
| #define HAVE_STRINGS_H 1
| #define HAVE_INTTYPES_H 1
| #define HAVE_STDINT_H 1
| #define HAVE_UNISTD_H 1
| #define PROTOTYPES 1
| #define __PROTOTYPES 1
| #define RETSIGTYPE void
| #define HAVE_DIRENT_H 1
| #define HAVE_LSTAT 1
| #define HAVE_MEMMOVE 1
| #define HAVE_PUTENV 1
| #define HAVE_SELECT 1
| #define HAVE_SETENV 1
| #define HAVE_SETLOCALE 1
| #define HAVE_STRCASECMP 1
| #define HAVE_STRPBRK 1
| #define HAVE_TCGETATTR 1
| #define HAVE_VSNPRINTF 1
| #define HAVE_ISASCII 1
| #define HAVE_ISXDIGIT 1
| #define HAVE_STRCOLL 1
| #define HAVE_UNISTD_H 1
| #define HAVE_STDLIB_H 1
| #define HAVE_STDARG_H 1
| #define HAVE_STRING_H 1
| #define HAVE_STRINGS_H 1
| #define HAVE_LIMITS_H 1
| /* end confdefs.h.  */
| #include <sys/ptem.h>
configure:4376: result: no
configure:4411: checking for sys/ptem.h
configure:4418: result: no
configure:4295: checking sys/pte.h usability
configure:4307: gcc -c -g -m64 -fPIC    conftest.c >&5
conftest.c:76:21: fatal error: sys/pte.h: No such file or directory
compilation terminated.
configure:4313: $? = 1
configure: failed program was:
| /* confdefs.h.  */
| 
| #define PACKAGE_NAME "readline"
| #define PACKAGE_TARNAME "readline"
| #define PACKAGE_VERSION "4.3"
| #define PACKAGE_STRING "readline 4.3"
| #define PACKAGE_BUGREPORT "bug-readline@gnu.org"
| #define STDC_HEADERS 1
| #define HAVE_SYS_TYPES_H 1
| #define HAVE_SYS_STAT_H 1
| #define HAVE_STDLIB_H 1
| #define HAVE_STRING_H 1
| #define HAVE_MEMORY_H 1
| #define HAVE_STRINGS_H 1
| #define HAVE_INTTYPES_H 1
| #define HAVE_STDINT_H 1
| #define HAVE_UNISTD_H 1
| #define PROTOTYPES 1
| #define __PROTOTYPES 1
| #define RETSIGTYPE void
| #define HAVE_DIRENT_H 1
| #define HAVE_LSTAT 1
| #define HAVE_MEMMOVE 1
| #define HAVE_PUTENV 1
| #define HAVE_SELECT 1
| #define HAVE_SETENV 1
| #define HAVE_SETLOCALE 1
| #define HAVE_STRCASECMP 1
| #define HAVE_STRPBRK 1
| #define HAVE_TCGETATTR 1
| #define HAVE_VSNPRINTF 1
| #define HAVE_ISASCII 1
| #define HAVE_ISXDIGIT 1
| #define HAVE_STRCOLL 1
| #define HAVE_UNISTD_H 1
| #define HAVE_STDLIB_H 1
| #define HAVE_STDARG_H 1
| #define HAVE_STRING_H 1
| #define HAVE_STRINGS_H 1
| #define HAVE_LIMITS_H 1
| /* end confdefs.h.  */
| #include <stdio.h>
| #if HAVE_SYS_TYPES_H
| # include <sys/types.h>
| #endif
| #if HAVE_SYS_STAT_H
| # include <sys/stat.h>
| #endif
| #if STDC_HEADERS
| # include <stdlib.h>
| # include <stddef.h>
| #else
| # if HAVE_STDLIB_H
| #  include <stdlib.h>
| # endif
| #endif
| #if HAVE_STRING_H
| # if !STDC_HEADERS && HAVE_MEMORY_H
| #  include <memory.h>
| # endif
| # include <string.h>
| #endif
| #if HAVE_STRINGS_H
| # include <strings.h>
| #endif
| #if HAVE_INTTYPES_H
| # include <inttypes.h>
| #else
| # if HAVE_STDINT_H
| #  include <stdint.h>
| # endif
| #endif
| #if HAVE_UNISTD_H
| # include <unistd.h>
| #endif
| #include <sys/pte.h>
configure:4336: result: no
configure:4340: checking sys/pte.h presence
configure:4350: gcc -E  conftest.c
conftest.c:42:21: fatal error: sys/pte.h: No such file or directory
compilation terminated.
configure:4356: $? = 1
configure: failed program was:
| /* confdefs.h.  */
| 
| #define PACKAGE_NAME "readline"
| #define PACKAGE_TARNAME "readline"
| #define PACKAGE_VERSION "4.3"
| #define PACKAGE_STRING "readline 4.3"
| #define PACKAGE_BUGREPORT "bug-readline@gnu.org"
| #define STDC_HEADERS 1
| #define HAVE_SYS_TYPES_H 1
| #define HAVE_SYS_STAT_H 1
| #define HAVE_STDLIB_H 1
| #define HAVE_STRING_H 1
| #define HAVE_MEMORY_H 1
| #define HAVE_STRINGS_H 1
| #define HAVE_INTTYPES_H 1
| #define HAVE_STDINT_H 1
| #define HAVE_UNISTD_H 1
| #define PROTOTYPES 1
| #define __PROTOTYPES 1
| #define RETSIGTYPE void
| #define HAVE_DIRENT_H 1
| #define HAVE_LSTAT 1
| #define HAVE_MEMMOVE 1
| #define HAVE_PUTENV 1
| #define HAVE_SELECT 1
| #define HAVE_SETENV 1
| #define HAVE_SETLOCALE 1
| #define HAVE_STRCASECMP 1
| #define HAVE_STRPBRK 1
| #define HAVE_TCGETATTR 1
| #define HAVE_VSNPRINTF 1
| #define HAVE_ISASCII 1
| #define HAVE_ISXDIGIT 1
| #define HAVE_STRCOLL 1
| #define HAVE_UNISTD_H 1
| #define HAVE_STDLIB_H 1
| #define HAVE_STDARG_H 1
| #define HAVE_STRING_H 1
| #define HAVE_STRINGS_H 1
| #define HAVE_LIMITS_H 1
| /* end confdefs.h.  */
| #include <sys/pte.h>
configure:4376: result: no
configure:4411: checking for sys/pte.h
configure:4418: result: no
configure:4295: checking sys/stream.h usability
configure:4307: gcc -c -g -m64 -fPIC    conftest.c >&5
conftest.c:76:24: fatal error: sys/stream.h: No such file or directory
compilation terminated.
configure:4313: $? = 1
configure: failed program was:
| /* confdefs.h.  */
| 
| #define PACKAGE_NAME "readline"
| #define PACKAGE_TARNAME "readline"
| #define PACKAGE_VERSION "4.3"
| #define PACKAGE_STRING "readline 4.3"
| #define PACKAGE_BUGREPORT "bug-readline@gnu.org"
| #define STDC_HEADERS 1
| #define HAVE_SYS_TYPES_H 1
| #define HAVE_SYS_STAT_H 1
| #define HAVE_STDLIB_H 1
| #define HAVE_STRING_H 1
| #define HAVE_MEMORY_H 1
| #define HAVE_STRINGS_H 1
| #define HAVE_INTTYPES_H 1
| #define HAVE_STDINT_H 1
| #define HAVE_UNISTD_H 1
| #define PROTOTYPES 1
| #define __PROTOTYPES 1
| #define RETSIGTYPE void
| #define HAVE_DIRENT_H 1
| #define HAVE_LSTAT 1
| #define HAVE_MEMMOVE 1
| #define HAVE_PUTENV 1
| #define HAVE_SELECT 1
| #define HAVE_SETENV 1
| #define HAVE_SETLOCALE 1
| #define HAVE_STRCASECMP 1
| #define HAVE_STRPBRK 1
| #define HAVE_TCGETATTR 1
| #define HAVE_VSNPRINTF 1
| #define HAVE_ISASCII 1
| #define HAVE_ISXDIGIT 1
| #define HAVE_STRCOLL 1
| #define HAVE_UNISTD_H 1
| #define HAVE_STDLIB_H 1
| #define HAVE_STDARG_H 1
| #define HAVE_STRING_H 1
| #define HAVE_STRINGS_H 1
| #define HAVE_LIMITS_H 1
| /* end confdefs.h.  */
| #include <stdio.h>
| #if HAVE_SYS_TYPES_H
| # include <sys/types.h>
| #endif
| #if HAVE_SYS_STAT_H
| # include <sys/stat.h>
| #endif
| #if STDC_HEADERS
| # include <stdlib.h>
| # include <stddef.h>
| #else
| # if HAVE_STDLIB_H
| #  include <stdlib.h>
| # endif
| #endif
| #if HAVE_STRING_H
| # if !STDC_HEADERS && HAVE_MEMORY_H
| #  include <memory.h>
| # endif
| # include <string.h>
| #endif
| #if HAVE_STRINGS_H
| # include <strings.h>
| #endif
| #if HAVE_INTTYPES_H
| # include <inttypes.h>
| #else
| # if HAVE_STDINT_H
| #  include <stdint.h>
| # endif
| #endif
| #if HAVE_UNISTD_H
| # include <unistd.h>
| #endif
| #include <sys/stream.h>
configure:4336: result: no
configure:4340: checking sys/stream.h presence
configure:4350: gcc -E  conftest.c
conftest.c:42:24: fatal error: sys/stream.h: No such file or directory
compilation terminated.
configure:4356: $? = 1
configure: failed program was:
| /* confdefs.h.  */
| 
| #define PACKAGE_NAME "readline"
| #define PACKAGE_TARNAME "readline"
| #define PACKAGE_VERSION "4.3"
| #define PACKAGE_STRING "readline 4.3"
| #define PACKAGE_BUGREPORT "bug-readline@gnu.org"
| #define STDC_HEADERS 1
| #define HAVE_SYS_TYPES_H 1
| #define HAVE_SYS_STAT_H 1
| #define HAVE_STDLIB_H 1
| #define HAVE_STRING_H 1
| #define HAVE_MEMORY_H 1
| #define HAVE_STRINGS_H 1
| #define HAVE_INTTYPES_H 1
| #define HAVE_STDINT_H 1
| #define HAVE_UNISTD_H 1
| #define PROTOTYPES 1
| #define __PROTOTYPES 1
| #define RETSIGTYPE void
| #define HAVE_DIRENT_H 1
| #define HAVE_LSTAT 1
| #define HAVE_MEMMOVE 1
| #define HAVE_PUTENV 1
| #define HAVE_SELECT 1
| #define HAVE_SETENV 1
| #define HAVE_SETLOCALE 1
| #define HAVE_STRCASECMP 1
| #define HAVE_STRPBRK 1
| #define HAVE_TCGETATTR 1
| #define HAVE_VSNPRINTF 1
| #define HAVE_ISASCII 1
| #define HAVE_ISXDIGIT 1
| #define HAVE_STRCOLL 1
| #define HAVE_UNISTD_H 1
| #define HAVE_STDLIB_H 1
| #define HAVE_STDARG_H 1
| #define HAVE_STRING_H 1
| #define HAVE_STRINGS_H 1
| #define HAVE_LIMITS_H 1
| /* end confdefs.h.  */
| #include <sys/stream.h>
configure:4376: result: no
configure:4411: checking for sys/stream.h
configure:4418: result: no
configure:4295: checking sys/select.h usability
configure:4307: gcc -c -g -m64 -fPIC    conftest.c >&5
configure:4313: $? = 0
configure:4317: test -z 
			 || test ! -s conftest.err
configure:4320: $? = 0
configure:4323: test -s conftest.o
configure:4326: $? = 0
configure:4336: result: yes
configure:4340: checking sys/select.h presence
configure:4350: gcc -E  conftest.c
configure:4356: $? = 0
configure:4376: result: yes
configure:4411: checking for sys/select.h
configure:4418: result: yes
configure:4295: checking termcap.h usability
configure:4307: gcc -c -g -m64 -fPIC    conftest.c >&5
configure:4313: $? = 0
configure:4317: test -z 
			 || test ! -s conftest.err
configure:4320: $? = 0
configure:4323: test -s conftest.o
configure:4326: $? = 0
configure:4336: result: yes
configure:4340: checking termcap.h presence
configure:4350: gcc -E  conftest.c
configure:4356: $? = 0
configure:4376: result: yes
configure:4411: checking for termcap.h
configure:4418: result: yes
configure:4295: checking termios.h usability
configure:4307: gcc -c -g -m64 -fPIC    conftest.c >&5
configure:4313: $? = 0
configure:4317: test -z 
			 || test ! -s conftest.err
configure:4320: $? = 0
configure:4323: test -s conftest.o
configure:4326: $? = 0
configure:4336: result: yes
configure:4340: checking termios.h presence
configure:4350: gcc -E  conftest.c
configure:4356: $? = 0
configure:4376: result: yes
configure:4411: checking for termios.h
configure:4418: result: yes
configure:4295: checking termio.h usability
configure:4307: gcc -c -g -m64 -fPIC    conftest.c >&5
configure:4313: $? = 0
configure:4317: test -z 
			 || test ! -s conftest.err
configure:4320: $? = 0
configure:4323: test -s conftest.o
configure:4326: $? = 0
configure:4336: result: yes
configure:4340: checking termio.h presence
configure:4350: gcc -E  conftest.c
configure:4356: $? = 0
configure:4376: result: yes
configure:4411: checking for termio.h
configure:4418: result: yes
configure:4295: checking sys/file.h usability
configure:4307: gcc -c -g -m64 -fPIC    conftest.c >&5
configure:4313: $? = 0
configure:4317: test -z 
			 || test ! -s conftest.err
configure:4320: $? = 0
configure:4323: test -s conftest.o
configure:4326: $? = 0
configure:4336: result: yes
configure:4340: checking sys/file.h presence
configure:4350: gcc -E  conftest.c
configure:4356: $? = 0
configure:4376: result: yes
configure:4411: checking for sys/file.h
configure:4418: result: yes
configure:4295: checking locale.h usability
configure:4307: gcc -c -g -m64 -fPIC    conftest.c >&5
configure:4313: $? = 0
configure:4317: test -z 
			 || test ! -s conftest.err
configure:4320: $? = 0
configure:4323: test -s conftest.o
configure:4326: $? = 0
configure:4336: result: yes
configure:4340: checking locale.h presence
configure:4350: gcc -E  conftest.c
configure:4356: $? = 0
configure:4376: result: yes
configure:4411: checking for locale.h
configure:4418: result: yes
configure:4286: checking for memory.h
configure:4291: result: yes
configure:4433: checking for type of signal functions
configure:4461: gcc -o conftest -g -m64 -fPIC     conftest.c  >&5
configure:4467: $? = 0
configure:4471: test -z 
			 || test ! -s conftest.err
configure:4474: $? = 0
configure:4477: test -s conftest
configure:4480: $? = 0
configure:4598: result: posix
configure:4619: checking if signal handlers must be reinstalled when invoked
configure:4682: gcc -o conftest -g -m64 -fPIC     conftest.c  >&5
conftest.c: In function 'main':
conftest.c:91:2: warning: incompatible implicit declaration of built-in function 'exit' [enabled by default]
configure:4685: $? = 0
configure:4687: ./conftest
configure:4690: $? = 0
configure:4705: result: no
configure:4716: checking for presence of POSIX-style sigsetjmp/siglongjmp
configure:4773: gcc -o conftest -g -m64 -fPIC     conftest.c  >&5
conftest.c: In function 'main':
conftest.c:77:3: warning: incompatible implicit declaration of built-in function 'exit' [enabled by default]
configure:4776: $? = 0
configure:4778: ./conftest
configure:4781: $? = 0
configure:4796: result: present
configure:4805: checking for lstat
configure:4829: gcc -o conftest -g -m64 -fPIC     conftest.c  >&5
configure:4835: $? = 0
configure:4839: test -z 
			 || test ! -s conftest.err
configure:4842: $? = 0
configure:4845: test -s conftest
configure:4848: $? = 0
configure:4860: result: yes
configure:4870: checking whether or not strcoll and strcmp differ
configure:4925: gcc -o conftest -g -m64 -fPIC     conftest.c  >&5
conftest.c: In function 'main':
conftest.c:85:2: warning: incompatible implicit declaration of built-in function 'exit' [enabled by default]
configure:4928: $? = 0
configure:4930: ./conftest
configure:4933: $? = 1
configure: program exited with status 1
configure: failed program was:
| /* confdefs.h.  */
| 
| #define PACKAGE_NAME "readline"
| #define PACKAGE_TARNAME "readline"
| #define PACKAGE_VERSION "4.3"
| #define PACKAGE_STRING "readline 4.3"
| #define PACKAGE_BUGREPORT "bug-readline@gnu.org"
| #define STDC_HEADERS 1
| #define HAVE_SYS_TYPES_H 1
| #define HAVE_SYS_STAT_H 1
| #define HAVE_STDLIB_H 1
| #define HAVE_STRING_H 1
| #define HAVE_MEMORY_H 1
| #define HAVE_STRINGS_H 1
| #define HAVE_INTTYPES_H 1
| #define HAVE_STDINT_H 1
| #define HAVE_UNISTD_H 1
| #define PROTOTYPES 1
| #define __PROTOTYPES 1
| #define RETSIGTYPE void
| #define HAVE_DIRENT_H 1
| #define HAVE_LSTAT 1
| #define HAVE_MEMMOVE 1
| #define HAVE_PUTENV 1
| #define HAVE_SELECT 1
| #define HAVE_SETENV 1
| #define HAVE_SETLOCALE 1
| #define HAVE_STRCASECMP 1
| #define HAVE_STRPBRK 1
| #define HAVE_TCGETATTR 1
| #define HAVE_VSNPRINTF 1
| #define HAVE_ISASCII 1
| #define HAVE_ISXDIGIT 1
| #define HAVE_STRCOLL 1
| #define HAVE_UNISTD_H 1
| #define HAVE_STDLIB_H 1
| #define HAVE_STDARG_H 1
| #define HAVE_STRING_H 1
| #define HAVE_STRINGS_H 1
| #define HAVE_LIMITS_H 1
| #define HAVE_SYS_SELECT_H 1
| #define HAVE_TERMCAP_H 1
| #define HAVE_TERMIOS_H 1
| #define HAVE_TERMIO_H 1
| #define HAVE_SYS_FILE_H 1
| #define HAVE_LOCALE_H 1
| #define HAVE_MEMORY_H 1
| #define HAVE_POSIX_SIGNALS 1
| #define HAVE_POSIX_SIGSETJMP 1
| #define HAVE_LSTAT 1
| /* end confdefs.h.  */
| 
| #include <stdio.h>
| #if defined (HAVE_LOCALE_H)
| #include <locale.h>
| #endif
| 
| main(c, v)
| int     c;
| char    *v[];
| {
|         int     r1, r2;
|         char    *deflocale, *defcoll;
| 
| #ifdef HAVE_SETLOCALE
|         deflocale = setlocale(LC_ALL, "");
| 	defcoll = setlocale(LC_COLLATE, "");
| #endif
| 
| #ifdef HAVE_STRCOLL
| 	/* These two values are taken from tests/glob-test. */
|         r1 = strcoll("abd", "aXd");
| #else
| 	r1 = 0;
| #endif
|         r2 = strcmp("abd", "aXd");
| 
| 	/* These two should both be greater than 0.  It is permissible for
| 	   a system to return different values, as long as the sign is the
| 	   same. */
| 
|         /* Exit with 1 (failure) if these two values are both > 0, since
| 	   this tests whether strcoll(3) is broken with respect to strcmp(3)
| 	   in the default locale. */
| 	exit (r1 > 0 && r2 > 0);
| }
| 
configure:4948: result: no
configure:4958: checking whether getpw functions are declared in pwd.h
configure:4987: result: yes
configure:4997: checking whether termios.h defines TIOCGWINSZ
configure:5024: result: no
configure:5028: checking whether sys/ioctl.h defines TIOCGWINSZ
configure:5055: result: yes
configure:5068: checking whether signal handlers are of type void
configure:5097: gcc -c -g -m64 -fPIC    conftest.c >&5
configure:5103: $? = 0
configure:5107: test -z 
			 || test ! -s conftest.err
configure:5110: $? = 0
configure:5113: test -s conftest.o
configure:5116: $? = 0
configure:5127: result: yes
configure:5136: checking for TIOCSTAT in sys/ioctl.h
configure:5158: gcc -c -g -m64 -fPIC    conftest.c >&5
conftest.c: In function 'main':
conftest.c:60:9: error: 'TIOCSTAT' undeclared (first use in this function)
conftest.c:60:9: note: each undeclared identifier is reported only once for each function it appears in
configure:5164: $? = 1
configure: failed program was:
| /* confdefs.h.  */
| 
| #define PACKAGE_NAME "readline"
| #define PACKAGE_TARNAME "readline"
| #define PACKAGE_VERSION "4.3"
| #define PACKAGE_STRING "readline 4.3"
| #define PACKAGE_BUGREPORT "bug-readline@gnu.org"
| #define STDC_HEADERS 1
| #define HAVE_SYS_TYPES_H 1
| #define HAVE_SYS_STAT_H 1
| #define HAVE_STDLIB_H 1
| #define HAVE_STRING_H 1
| #define HAVE_MEMORY_H 1
| #define HAVE_STRINGS_H 1
| #define HAVE_INTTYPES_H 1
| #define HAVE_STDINT_H 1
| #define HAVE_UNISTD_H 1
| #define PROTOTYPES 1
| #define __PROTOTYPES 1
| #define RETSIGTYPE void
| #define HAVE_DIRENT_H 1
| #define HAVE_LSTAT 1
| #define HAVE_MEMMOVE 1
| #define HAVE_PUTENV 1
| #define HAVE_SELECT 1
| #define HAVE_SETENV 1
| #define HAVE_SETLOCALE 1
| #define HAVE_STRCASECMP 1
| #define HAVE_STRPBRK 1
| #define HAVE_TCGETATTR 1
| #define HAVE_VSNPRINTF 1
| #define HAVE_ISASCII 1
| #define HAVE_ISXDIGIT 1
| #define HAVE_STRCOLL 1
| #define HAVE_UNISTD_H 1
| #define HAVE_STDLIB_H 1
| #define HAVE_STDARG_H 1
| #define HAVE_STRING_H 1
| #define HAVE_STRINGS_H 1
| #define HAVE_LIMITS_H 1
| #define HAVE_SYS_SELECT_H 1
| #define HAVE_TERMCAP_H 1
| #define HAVE_TERMIOS_H 1
| #define HAVE_TERMIO_H 1
| #define HAVE_SYS_FILE_H 1
| #define HAVE_LOCALE_H 1
| #define HAVE_MEMORY_H 1
| #define HAVE_POSIX_SIGNALS 1
| #define HAVE_POSIX_SIGSETJMP 1
| #define HAVE_LSTAT 1
| #define HAVE_GETPW_DECLS 1
| #define GWINSZ_IN_SYS_IOCTL 1
| #define VOID_SIGHANDLER 1
| /* end confdefs.h.  */
| #include <sys/types.h>
| #include <sys/ioctl.h>
| int
| main ()
| {
| int x = TIOCSTAT;
|   ;
|   return 0;
| }
configure:5189: result: no
configure:5198: checking for FIONREAD in sys/ioctl.h
configure:5220: gcc -c -g -m64 -fPIC    conftest.c >&5
configure:5226: $? = 0
configure:5230: test -z 
			 || test ! -s conftest.err
configure:5233: $? = 0
configure:5236: test -s conftest.o
configure:5239: $? = 0
configure:5251: result: yes
configure:5260: checking for speed_t in sys/types.h
configure:5281: gcc -c -g -m64 -fPIC    conftest.c >&5
conftest.c: In function 'main':
conftest.c:60:1: error: unknown type name 'speed_t'
configure:5287: $? = 1
configure: failed program was:
| /* confdefs.h.  */
| 
| #define PACKAGE_NAME "readline"
| #define PACKAGE_TARNAME "readline"
| #define PACKAGE_VERSION "4.3"
| #define PACKAGE_STRING "readline 4.3"
| #define PACKAGE_BUGREPORT "bug-readline@gnu.org"
| #define STDC_HEADERS 1
| #define HAVE_SYS_TYPES_H 1
| #define HAVE_SYS_STAT_H 1
| #define HAVE_STDLIB_H 1
| #define HAVE_STRING_H 1
| #define HAVE_MEMORY_H 1
| #define HAVE_STRINGS_H 1
| #define HAVE_INTTYPES_H 1
| #define HAVE_STDINT_H 1
| #define HAVE_UNISTD_H 1
| #define PROTOTYPES 1
| #define __PROTOTYPES 1
| #define RETSIGTYPE void
| #define HAVE_DIRENT_H 1
| #define HAVE_LSTAT 1
| #define HAVE_MEMMOVE 1
| #define HAVE_PUTENV 1
| #define HAVE_SELECT 1
| #define HAVE_SETENV 1
| #define HAVE_SETLOCALE 1
| #define HAVE_STRCASECMP 1
| #define HAVE_STRPBRK 1
| #define HAVE_TCGETATTR 1
| #define HAVE_VSNPRINTF 1
| #define HAVE_ISASCII 1
| #define HAVE_ISXDIGIT 1
| #define HAVE_STRCOLL 1
| #define HAVE_UNISTD_H 1
| #define HAVE_STDLIB_H 1
| #define HAVE_STDARG_H 1
| #define HAVE_STRING_H 1
| #define HAVE_STRINGS_H 1
| #define HAVE_LIMITS_H 1
| #define HAVE_SYS_SELECT_H 1
| #define HAVE_TERMCAP_H 1
| #define HAVE_TERMIOS_H 1
| #define HAVE_TERMIO_H 1
| #define HAVE_SYS_FILE_H 1
| #define HAVE_LOCALE_H 1
| #define HAVE_MEMORY_H 1
| #define HAVE_POSIX_SIGNALS 1
| #define HAVE_POSIX_SIGSETJMP 1
| #define HAVE_LSTAT 1
| #define HAVE_GETPW_DECLS 1
| #define GWINSZ_IN_SYS_IOCTL 1
| #define VOID_SIGHANDLER 1
| #define FIONREAD_IN_SYS_IOCTL 1
| /* end confdefs.h.  */
| #include <sys/types.h>
| int
| main ()
| {
| speed_t x;
|   ;
|   return 0;
| }
configure:5312: result: no
configure:5321: checking for struct winsize in sys/ioctl.h and termios.h
configure:5343: gcc -c -g -m64 -fPIC    conftest.c >&5
configure:5349: $? = 0
configure:5353: test -z 
			 || test ! -s conftest.err
configure:5356: $? = 0
configure:5359: test -s conftest.o
configure:5362: $? = 0
configure:5421: result: sys/ioctl.h
configure:5440: checking if struct dirent has a d_ino member
configure:5483: gcc -c -g -m64 -fPIC    conftest.c >&5
configure:5489: $? = 0
configure:5493: test -z 
			 || test ! -s conftest.err
configure:5496: $? = 0
configure:5499: test -s conftest.o
configure:5502: $? = 0
configure:5514: result: yes
configure:5524: checking if struct dirent has a d_fileno member
configure:5567: gcc -c -g -m64 -fPIC    conftest.c >&5
configure:5573: $? = 0
configure:5577: test -z 
			 || test ! -s conftest.err
configure:5580: $? = 0
configure:5583: test -s conftest.o
configure:5586: $? = 0
configure:5598: result: yes
configure:5622: checking for tgetent in -ltermcap
configure:5652: gcc -o conftest -g -m64 -fPIC     conftest.c -ltermcap   >&5

## ---------------- ##
## Cache variables. ##
## ---------------- ##

ac_cv_build=x86_64-unknown-linux-gnu
ac_cv_build_alias=x86_64-unknown-linux-gnu
ac_cv_c_char_unsigned=no
ac_cv_c_compiler_gnu=yes
ac_cv_c_const=yes
ac_cv_env_CC_set=set
ac_cv_env_CC_value=gcc
ac_cv_env_CFLAGS_set=set
ac_cv_env_CFLAGS_value='-g -m64 -fPIC  '
ac_cv_env_CPPFLAGS_set=
ac_cv_env_CPPFLAGS_value=
ac_cv_env_CPP_set=
ac_cv_env_CPP_value=
ac_cv_env_LDFLAGS_set=
ac_cv_env_LDFLAGS_value=
ac_cv_env_build_alias_set=
ac_cv_env_build_alias_value=
ac_cv_env_host_alias_set=
ac_cv_env_host_alias_value=
ac_cv_env_target_alias_set=
ac_cv_env_target_alias_value=
ac_cv_exeext=
ac_cv_func_isascii=yes
ac_cv_func_isxdigit=yes
ac_cv_func_lstat=yes
ac_cv_func_memmove=yes
ac_cv_func_putenv=yes
ac_cv_func_select=yes
ac_cv_func_setenv=yes
ac_cv_func_setlocale=yes
ac_cv_func_strcasecmp=yes
ac_cv_func_strcoll_works=yes
ac_cv_func_strpbrk=yes
ac_cv_func_tcgetattr=yes
ac_cv_func_vsnprintf=yes
ac_cv_header_dirent_dirent_h=yes
ac_cv_header_inttypes_h=yes
ac_cv_header_limits_h=yes
ac_cv_header_locale_h=yes
ac_cv_header_memory_h=yes
ac_cv_header_minix_config_h=no
ac_cv_header_stat_broken=no
ac_cv_header_stdarg_h=yes
ac_cv_header_stdc=yes
ac_cv_header_stdint_h=yes
ac_cv_header_stdlib_h=yes
ac_cv_header_string_h=yes
ac_cv_header_strings_h=yes
ac_cv_header_sys_file_h=yes
ac_cv_header_sys_pte_h=no
ac_cv_header_sys_ptem_h=no
ac_cv_header_sys_select_h=yes
ac_cv_header_sys_stat_h=yes
ac_cv_header_sys_stream_h=no
ac_cv_header_sys_types_h=yes
ac_cv_header_termcap_h=yes
ac_cv_header_termio_h=yes
ac_cv_header_termios_h=yes
ac_cv_header_unistd_h=yes
ac_cv_header_varargs_h=no
ac_cv_host=x86_64-unknown-linux-gnu
ac_cv_host_alias=x86_64-unknown-linux-gnu
ac_cv_objext=o
ac_cv_path_install='/usr/bin/install -c'
ac_cv_prog_AR=ar
ac_cv_prog_CPP='gcc -E'
ac_cv_prog_ac_ct_CC=gcc
ac_cv_prog_ac_ct_RANLIB=ranlib
ac_cv_prog_cc_g=yes
ac_cv_prog_cc_stdc=
ac_cv_prog_egrep='grep -E'
ac_cv_prog_gcc_traditional=no
ac_cv_prog_make_make_set=yes
ac_cv_search_opendir='none required'
ac_cv_sys_tiocgwinsz_in_sys_ioctl_h=yes
ac_cv_sys_tiocgwinsz_in_termios_h=no
ac_cv_type_signal=void
ac_cv_type_size_t=yes
ac_cv_type_ssize_t=yes
bash_cv_dirent_has_d_fileno=yes
bash_cv_dirent_has_dino=yes
bash_cv_fionread_in_ioctl=yes
bash_cv_func_lstat=yes
bash_cv_func_sigsetjmp=present
bash_cv_func_strcoll_broken=no
bash_cv_getpw_declared=yes
bash_cv_must_reinstall_sighandlers=no
bash_cv_signal_vintage=posix
bash_cv_speed_t_in_sys_types=no
bash_cv_struct_winsize_header=ioctl_h
bash_cv_tiocstat_in_ioctl=no
bash_cv_void_sighandler=yes

## ----------------- ##
## Output variables. ##
## ----------------- ##

AR='ar'
ARFLAGS='cr'
BUILD_DIR=''
CC='gcc'
CFLAGS='-g -m64 -fPIC  '
CPP='gcc -E'
CPPFLAGS=''
DEFS=''
ECHO_C=''
ECHO_N='-n'
ECHO_T=''
EGREP='grep -E'
EXEEXT=''
INSTALL_DATA='${INSTALL} -m 644'
INSTALL_PROGRAM='${INSTALL}'
INSTALL_SCRIPT='${INSTALL}'
LDFLAGS=''
LIBOBJS=''
LIBS='-ltermcap  '
LIBVERSION='4.3'
LOCAL_CFLAGS=''
LOCAL_DEFS=''
LOCAL_LDFLAGS=''
LTLIBOBJS=''
MAKE_SHELL='/bin/sh'
OBJEXT='o'
PACKAGE_BUGREPORT='bug-readline@gnu.org'
PACKAGE_NAME='readline'
PACKAGE_STRING='readline 4.3'
PACKAGE_TARNAME='readline'
PACKAGE_VERSION='4.3'
PATH_SEPARATOR=':'
RANLIB='ranlib'
SET_MAKE=''
SHARED_INSTALL_TARGET=''
SHARED_TARGET=''
SHELL='/bin/sh'
SHLIB_LIBS=''
SHLIB_LIBSUFF=''
SHLIB_LIBVERSION=''
SHLIB_MAJOR=''
SHLIB_MINOR=''
SHLIB_STATUS=''
SHLIB_XLDFLAGS=''
SHOBJ_CC=''
SHOBJ_CFLAGS=''
SHOBJ_LD=''
SHOBJ_LDFLAGS=''
SHOBJ_LIBS=''
SHOBJ_STATUS=''
SHOBJ_XLDFLAGS=''
STATIC_INSTALL_TARGET=''
STATIC_TARGET=''
TERMCAP_LIB=''
ac_ct_CC='gcc'
ac_ct_RANLIB='ranlib'
bindir='${exec_prefix}/bin'
build='x86_64-unknown-linux-gnu'
build_alias=''
build_cpu='x86_64'
build_os='linux-gnu'
build_vendor='unknown'
datadir='${prefix}/share'
exec_prefix='NONE'
host='x86_64-unknown-linux-gnu'
host_alias=''
host_cpu='x86_64'
host_os='linux-gnu'
host_vendor='unknown'
includedir='${prefix}/include'
infodir='${prefix}/info'
libdir='${exec_prefix}/lib'
libexecdir='${exec_prefix}/libexec'
localstatedir='${prefix}/var'
mandir='${prefix}/man'
oldincludedir='/usr/include'
prefix='NONE'
program_transform_name='s,x,x,'
sbindir='${exec_prefix}/sbin'
sharedstatedir='${prefix}/com'
sysconfdir='${prefix}/etc'
target_alias=''

## ----------- ##
## confdefs.h. ##
## ----------- ##

#define FIONREAD_IN_SYS_IOCTL 1
#define GWINSZ_IN_SYS_IOCTL 1
#define HAVE_DIRENT_H 1
#define HAVE_GETPW_DECLS 1
#define HAVE_INTTYPES_H 1
#define HAVE_ISASCII 1
#define HAVE_ISXDIGIT 1
#define HAVE_LIMITS_H 1
#define HAVE_LOCALE_H 1
#define HAVE_LSTAT 1
#define HAVE_LSTAT 1
#define HAVE_MEMMOVE 1
#define HAVE_MEMORY_H 1
#define HAVE_MEMORY_H 1
#define HAVE_POSIX_SIGNALS 1
#define HAVE_POSIX_SIGSETJMP 1
#define HAVE_PUTENV 1
#define HAVE_SELECT 1
#define HAVE_SETENV 1
#define HAVE_SETLOCALE 1
#define HAVE_STDARG_H 1
#define HAVE_STDINT_H 1
#define HAVE_STDLIB_H 1
#define HAVE_STDLIB_H 1
#define HAVE_STRCASECMP 1
#define HAVE_STRCOLL 1
#define HAVE_STRINGS_H 1
#define HAVE_STRINGS_H 1
#define HAVE_STRING_H 1
#define HAVE_STRING_H 1
#define HAVE_STRPBRK 1
#define HAVE_SYS_FILE_H 1
#define HAVE_SYS_SELECT_H 1
#define HAVE_SYS_STAT_H 1
#define HAVE_SYS_TYPES_H 1
#define HAVE_TCGETATTR 1
#define HAVE_TERMCAP_H 1
#define HAVE_TERMIOS_H 1
#define HAVE_TERMIO_H 1
#define HAVE_UNISTD_H 1
#define HAVE_UNISTD_H 1
#define HAVE_VSNPRINTF 1
#define PACKAGE_BUGREPORT "bug-readline@gnu.org"
#define PACKAGE_NAME "readline"
#define PACKAGE_STRING "readline 4.3"
#define PACKAGE_TARNAME "readline"
#define PACKAGE_VERSION "4.3"
#define PROTOTYPES 1
#define RETSIGTYPE void
#define STDC_HEADERS 1
#define STRUCT_DIRENT_HAS_D_FILENO 1
#define STRUCT_DIRENT_HAS_D_INO 1
#define STRUCT_WINSIZE_IN_SYS_IOCTL 1
#define VOID_SIGHANDLER 1
#define __PROTOTYPES 1

configure: caught signal 2
configure: exit 1
